Using ciphertext cross with 0 and 3
Total size of enumeration 94746
0
100
62 Macy's  Joe kb 
69 goober  roy mv 
39 Musial's  MEn rnf1 
200
75 Gail's  Sm kit 
0 broiled  bun ce7 
39 Susie  SEn v 
39 Luria  LEo r 
300
85 Pandora  Sj" ora 
62 Daryl  Cot   
25 hammocks  Cot ydcz 
400
85 fondles  ed" les 
0 toning  tho ag 
85 wildcat  tb  cat 
500
73 Bertie's  Jafx bit 
43 disposal's  wk22te sos 
5 Oscar  O yip 
600
73 Minnie's  Emzb bit 
700
74 Mafia's  Iuj fit 
800
4 Husserl  Gu imps 
73 recoil's  zawc kit 
21 Laotian  Owc Bow 
900
29 quadrant  grim ."Y 
14 apron    mao 
32 pealing  y7. Dot 
20 Arbitron  Mqte Yaw 
1000
1100
1200
73 raggedness  zesk,c bow 
1300
85 mandolin  nj" olin 
1400
1500
5 Islams  I viol 
74 greenness  cfi,i bow 
20 Alsatian  Moem Bow 
1600
44 musical's  o41ru sos 
80 quandary's  vie gby5cs 
1700
74 fuzziness  bav3n bow 
1800
4 unsnarl  zn tips 
0 Addie  Ace j 
84 meltdowns  nfg8 owns 
1900
30 unsealing  rfz7. Dot 
61 rugby's  grid kb 
2000
86 budget  i9 get 
85 binding  ab" ing 
2100
2200
2300
2400
38 physicians  chIn pk ,h 
72 petunia's  2mpab fit 
74 quietness  uae,s bow 
47 slaw's  hz hos 
2500
0 shrinks  sos ak  
4 instil  fn nan 
75 skit's  gg sit 
0 trying  tux ag 
2600
25 commutes  Hat csmz 
25 commuted  Hat csmm 
2700
85 fondled  ed" led 
2800
69 problem  ery day 
76 dip's  h wit 
10 vulgarize  ire  "vtd 
2900
85 dandled  gj" led 
85 dandles  gj" les 
85 daydream  gj5 ream 
39 genies  gUs vq 
3000
74 Ernie's  Afb bit 
3100
3200
0 truing  tut ag 
25 communing  Hat ciag5 
3300
21 Haitian  Kwe Bow 
3400
69 warbler  bad daf 
31 Portland  Xf ; Low 
3500
78 Indianan  N cue bm 
3600
3700
74 flail's  bxm kit 
74 alertness  exi;s bow 
73 grumpiness  ovaa9n bow 
85 sending  pn" ing 
3800
85 Kendrick  Hn" rick 
84 grandson  dqj" son 
3900
73 Bobbie's  Jkvn bit 
45 plural's  1.nd sos 
4000
21 baits  awe X 
0 shrikes  sos de  
0 broil  bun c 
86 hydrate  c5 rate 
25 yammering  Rot suag5 
4100
39 jujitsu  jEw gq4 
4200
30 Lagrange  Kin ."Jd 
4300
29 quadrature  grim .8Xsv 
85 handball  kj" ball 
73 Bennie's  Jazb bit 
0 busing  brr ag 
4400
86 budgets  i9 gets 
0 sheiks  sod ds 
20 Marathon  Abdm Caw 
4500
0 shrives  sos ye  
0 shrived  sos ye7 
4600
54 dint's  ltd jr 
38 physics  chIn pq 
4700
84 boils  alb 7 
4800
85 exuding  fs9 ing 
25 communal  Hat ciie 
4900
85 handbags  kj" bags 
5000
84 grandads  dqj" ads 
5100
0 shrine's  sos aeti 
26 camera  mx sui 
73 Ronnie's  Zkzb bit 
5200
72 travail's  6zebm kit 
85 sandhogs  pj" hogs 
5300
80 quanta  vie wb 
73 Acadia's  Iguh fit 
5400
5500
74 Inuit's  Mzy sit 
5600
46 papaw's  2zf hos 
73 Gracie's  Ovuo bit 
5700
4 kisser  di imp 
45 squeal's  23ns sos 
5800
85 handwork  kj" work 
5900
75 meekness  yi,l bow 
86 budding  i9 ding 
74 Sybil's  Wmn kit 
6000
85 Maldives  Nj  ives 
6100
74 Jamie's  Nua bit 
85 vendetta  un" etta 
6200
73 Marcia's  Eefo fit 
39 Benita's  BUs gcf1 
25 Bowman  ian wi 
0 codifies  che ii6i 
82 Snell  W fog 
6300
85 landing  oj" ing 
6400
6500
0 Tonia  Tho n 
88 drags   rags 
85 windowed  tb" owed 
6600
85 nondairy  md" airy 
68 counterfeit's  5zux6mvri sit 
69 gerbils  red ahg 
85 Sandoval  Pj" oval 
6700
6800
85 windbag  tb" bag 
74 Mejia's  Iqf fit 
6900
7000
85 vending  un" ing 
74 lucidness  hao c bow 
7100
74 Tamil's  Pua kit 
7200
0 bruins  but as 
7300
74 audio's  eah hit 
74 laxity's  hut s7 o 
76 hip's  d wit 
7400
85 bandaged  aj" aged 
7500
72 lawsuit's  .isgy sit 
76 Kip's  G wit 
7600
69 Serbian  Fed aez 
55 premise  mx1 hip 
84 docudrama  glh9 rama 
85 Wendell  Tn" ell 
84 grandsons  dqj" sons 
5 Ismael's  I wigs z 
80 Quentin's  Via wjek7 
7700
31 regaling  zl5. Dot 
7800
7900
74 audit's  eah sit 
0 busied  brr jd 
39 busied  bEn vf 
0 busier  brr jr 
39 busier  bEn vp 
0 busies  brr js 
39 busies  bEn vq 
8000
32 healing  a7. Dot 
25 hammered  Cot summ 
83 unwinding  ;mtb" ing 
25 lammed  Got sc 
8100
33 bolder  0  Ida 
8200
8300
85 handmaid  kj" maid 
84 showdown  pkd; own 
8400
19 Johnathan  Nckxm Cow 
69 slobber  fly jaf 
8500
39 residuals  rUn ww .h 
8600
20 Jonathon  Flxm Caw 
8700
74 plait's  txm sit 
8800
74 fakir  bug u 
8900
9000
6 small's   wins z 
73 Archie's  Ivwd bit 
9100
31 pedaling  xl6. Dot 
9200
84 slowdown  pod; own 
85 sandmen  pj" men 
85 handrail  kj" rail 
39 beside  bUn wg 
82 unyielding  q zjn  ing 
9300
73 candidness  kezh c bow 
74 oldie's  kxh bit 
73 dickie's  lmwg bit 
74 patio's  tux hit 
69 forborne  sod gvzi 
9400
25 foam's  Max 1t 
67 interbred  x8aed zap 
85 Tyndale  Wr" ale 
9500
85 Tyndall  Wr" all 
85 sandbag  pj" bag 
9600
39 genius's  gUs fqf1 
9700
39 Benito's  BUs gmf1 
0 active's  adu yeti 
69 censorship's  vex1gvgd wit 
86 andante  j" ante 
9800
70 bourgeois's  by7zcqc tit 
9900
10000
21 acute  buy N 
88 diced   iced 
72 brownie's   zkcb bit 
88 dices   ices 
69 warbling  bad dmzk 
10100
70 Subaru  Sc iva 
8 map's  eco z 
10200
69 gabbles  rat dag 
10300
47 craw's  xd hos 
25 dorms  Oak e 
10400
0 Murine  Mrs ae 
74 quoit's  uac sit 
74 Eddie's  Aph bit 
78 Indian  N cue  
86 Indian  B" ian 
76 oil's  c kit 
10500
84 grandmas  dqj" mas 
10600
76 fitness  j s bow 
6 shirk   rapt 
10700
0 broils  bun cs 
30 repealing  umy7. Dot 
76 meanest  a,f bop 
10800
85 handled  kj" led 
3 parsnip  9nr tar 
74 bagginess  fuk.n bow 
29 congealing  uhfn7. Dot 
10900
85 bonding  ad" ing 
80 wrinkle  pnm hon 
69 barbing  wad ajs 
88 dandy   andy 
73 Connie's  Kkzb bit 
11000
76 fit's  j sit 
11100
39 Semitic  SUp gk" 
69 gerbil  red ah 
11200
85 Lindsay  Ob" say 
85 balding  aj  ing 
11300
7 mint's  walk z 
71 abbey  w jam 
11400
39 humidor  hEp wm3 
2 redesign  s,ke sol 
30 Cipro  Day   
11500
68 gazeboes  1tzs gag 
11600
84 plaudits  soj9 its 
8 EKG's  MIX z 
11700
85 handguns  kj" guns 
69 cabbie  vat aa 
11800
85 handcuff  kj" cuff 
32 mewling  d78 Dot 
88 dumps   umps 
21 swathe  pam Ck 
73 pantie's  xezx bit 
11900
80 bounty  esq wz 
85 windlass  tb" lass 
12000
85 handcars  kj" cars 
7 halt's  rink z 
54 nocturnal  fri 8sttk 
12100
80 flannel's  ape mfgk7 
85 letdown  on8 own 
80 bounteous  esq wfd97 
31 impaling  ad". Dot 
85 feuding  en9 ing 
12200
85 wildcats  tb  cats 
12300
81 panels  le fox 
12400
32 bawling  k38 Dot 
78 Indians  N cue p 
78 Indiana  N cue b 
31 indolent  ag6  Hog 
73 Ismail's  Awym kit 
25 commonly  Hat yidp 
12500
81 dangle  xe don 
75 Viennese  Be,i boa 
80 quinine's  vim jmnk7 
84 yielding  zjn  ing 
30 dreamland  czl3" Low 
12600
74 Katie's  Oux bit 
86 abdomen  j. omen 
12700
29 quadrants  grim ."Yr 
31 caroling  kh   Dot 
12800
73 budgie's  jqpk bit 
80 boundary's  esq gby5cs 
12900
33 callow  1. And 
34 clangs  , Lots 
39 genie  gUs v 
0 shrines  sos ae  
74 Advil's  Epz kit 
13000
73 Margie's  Eefk bit 
75 axis's  ut tit 
13100
45 spinal's  22rx sos 
75 fairness  rm u bow 
13200
34 cling  , Dot 
13300
86 hydrant  c5 rant 
74 patience  tux b dy 
13400
88 drift   rift 
13500
86 endears  n" ears 
13600
73 zinnia's  rmzb fit 
13700
85 wildlife  tb  life 
13800
74 laxity  hut s7 
13900
25 earmuff  Nok can 
80 stank  the h 
14000
25 comma  Hat w 
71 organdie's  y0oezh bit 
75 veil's  bi kit 
14100
74 luckiness  hao"n bow 
86 Audion  J9 ion 
80 quantum's  vie wvfk7 
14200
21 laity  owe R 
14300
29 concealing  uhfj7. Dot 
14400
71 suburbia's  e7jqfn fit 
14500
73 Jennie's  Bazb bit 
80 witness  pup fpx 
74 batik's  fux lit 
31 cajoling  kh8  Dot 
21 ventral  usb You 
14600
84 dwindles  gtb" les 
0 atrium  ass zm 
39 atrium  aDo fo 
75 rareness  fm;b bow 
14700
80 suing  tim d 
14800
43 reprisal's  ag10re sos 
0 Muriel's  Mrs jlti 
14900
74 Mavis's  Iuz tit 
15000
38 physician  chIn pk , 
0 adding  ace ag 
15100
84 worldwide  tly  wide 
88 dines   ines 
81 mantle  qe won 
18 seeps  raise 
15200
21 baited  awe Nj 
43 bestowal's  qg26ta sos 
85 rending  qn" ing 
15300
69 rubbers  gut mvg 
86 endwise  n" wise 
69 rubbery  gut mvm 
85 lending  on" ing 
5 astir  a nap 
39 resigns  rUn tl2 
15400
85 banding  aj" ing 
72 recruit's  0mgfy sit 
13 rapper  5  oks 
15500
62 dory's  cat kb 
15600
74 Elvis's  Axz tit 
15700
0 audibles  are ml6i 
25 commuting  Hat csag5 
15800
15900
8 owl's  gus z 
76 die's  h bit 
16000
16100
0 Sheila  Sod ca 
16200
73 junkie's  bqzg bit 
16300
2 dive's  e yeti 
74 Artie's  Efx bit 
16400
16500
16600
85 boldface  ad  face 
32 Hazlitt  A35 Dug 
16700
85 kindles  hb" les 
85 kindled  hb" led 
69 bobbled  wot dap 
16800
16900
17000
56 demise  n1 hip 
69 cabbing  vat ajs 
17100
48 saw's  e hos 
17200
35 lends   Hows 
17300
22 citron  ue Yaw 
7 Walt's  Mink z 
73 crankiness  kvub"n bow 
17400
69 warble  bad da 
39 desirous  dUn am41 
69 dipsomania's  qif1giub fit 
39 semi's  sUp 4q 
73 Kermit's  Cafa sit 
17500
69 barbers  wad mvg 
80 Quinton  Vim wle 
17600
69 Bobby  Wot q 
69 Bobbi  Wot a 
38 physics's  chIn pqf1 
17700
83 unbinding  ;mab" ing 
73 gerbil's  oafn kit 
74 ranginess  vub.n bow 
33 folder  4  Ida 
17800
56 bemuse  h1 tip 
17900
81 mangle  qe don 
7 valving  lining  
18000
69 gabbing  rat ajs 
39 lurid  lEo w 
18100
71 anorexia's  w,gvqt fit 
69 fellowship's  sez.gsgd wit 
18200
52 Dvina  D ask 
18300
74 Lucio's  Hao hit 
55 Siamese  Nc5 dip 
18400
25 commends  Hat silz 
76 dis's  h tit 
80 beaned  eye fg 
18500
73 Curtis's  Kqfx tit 
80 inanely  nre for 
0 endive's  eie yeti 
17 Elizabethan  Kmmvbti Cow 
72 wassail's  5iwgm kit 
18600
21 swats  pam X 
7 want's  milk z 
21 swath  pam C 
69 robbers  got mvg 
18700
0 sheikh's  sod dhti 
7 wiping  marvin 
18800
73 raffia's  zerj fit 
69 bobbling  wot dmzk 
46 straw's  1od hos 
18900
0 codify  che iy 
86 endowed  n" owed 
19000
0 sodium  she zm 
74 nakedness  jug,c bow 
19100
19200
19300
19400
21 swatch  pam Hf 
10 pilgrimage  one 39rofa 
80 beans  eye p 
19500
8 Gus's  Owl z 
19600
19700
82 knave  o bun 
35 lands   Lows 
19800
19900
85 handsets  kj" sets 
85 Goldman  Dd  man 
39 sexier  sUe vp 
20000
39 legit  lUz g 
78 instant  n the w 
20100
84 granddad  dqj" dad 
20200
73 Jarvis's  Befz tit 
20300
10 Pilgrim  One 39r 
20400
69 warbled  bad dap 
20500
4 cosign  lo sol 
20600
84 Fielding  Ejn  ing 
71 Slovenia's  E.grqb fit 
25 bowmen  Ian si 
20700
81 tensor  ha ply 
20800
71 Atlantis's  W6dezx tit 
4 lesser  ce imp 
73 zombie's  rkyn bit 
20900
38 Gabriel  TaRo vn 
47 peal's  ks sos 
74 hairiness  lue;n bow 
21000
81 Janell  Ve fog 
21100
85 sandlot  pj" lot 
21200
12 dropper  m5. oks 
21300
71 oboes  y gag 
21400
76 kit's  g sit 
47 teal's  os sos 
10 underplay  jim"3 sox 
21500
84 fails  ebb 7 
74 Ozzie's  Knv bit 
73 Anubis's  Ijan tit 
33 balder  0. Ida 
0 shrieks  sos jk  
21600
73 Jimmie's  Bmya bit 
20 Venetian  Zfxi Bow 
86 nudism  e9 ism 
21700
69 dealership's  qew.mvgd wit 
80 Quinton's  Vim wlek7 
21800
30 migrates  jan .8Hr 
4 design  ke sol 
39 design  dUn tl 
39 miniaturist  mYs rv40re5 
21900
22 sitcom  ee Hat 
85 sandhog  pj" hog 
22000
74 Nevis's  Jqz tit 
22100
75 edginess  qh.n bow 
22200
76 keenest  g,b bop 
25 dormer  Oak su 
73 bandit's  jezh sit 
22300
85 welding  tn  ing 
43 pastoral's  cc26td sos 
22400
43 guttural's  tw56nd sos 
7 have's  ritz z 
22500
81 wangle  ke don 
22600
31 Maryland  Eh 6 Low 
62 Maryland  Jot  p8q 
85 sandbank  pj" bank 
22700
22800
22900
23000
25 commands  Hat wilz 
25 commando  Hat wilf 
23100
85 bending  an" ing 
23200
80 Cornell  Dsv fog 
23 Baltimore  N5Gzp yum 
73 acacia's  iguo fit 
23300
69 Rubbermaid's  Gut mvym cit 
23400
75 pail's  dm kit 
23500
70 Hobbes  Hy jag 
23600
74 cavil's  guz kit 
76 tie's  x bit 
23700
23800
73 Mickie's  Emwg bit 
23900
24000
31 redolent  zl6  Hog 
70 nonpareil's  ny,xefi kit 
24100
80 roans  use p 
24200
70 arbitrariness  ad apfm;n bow 
39 Semite's  SUp ggf1 
24300
0 choices  con le  
0 Polynesians  Phm0ae sill 
84 blinding  aob" ing 
24400
31 chitlings  ka;; Dots 
24500
85 handouts  kj" outs 
69 barber  wad mv 
24600
24700
85 handsome  kj" some 
73 Lizzie's  Dmnv bit 
39 minicam  mYs pc, 
70 courtship's  cy7zpgd wit 
24800
75 sureness  gy;b bow 
24900
62 Marylander  Jot  p8qed 
74 queerness  uai,u bow 
25000
84 brindled  aqb" led 
84 svelter  pun 0er 
80 cyanide  dee jgn 
81 Mantle  Qe won 
25100
82 knobs  o lax 
88 darts   arts 
84 dwindled  gtb" led 
81 Danube  Xe van 
25200
75 eeriness  qi;n bow 
72 slenderness  1dazh,u bow 
25300
70 monomania's  my,giub fit 
25400
69 Bilbo  Wiz g 
74 Fabian's  Bun f  o 
25500
85 holdout  kd  out 
8 all's  ins z 
18 keens  jaime 
75 baroness  vm;h bow 
25600
33 palates  ". Luvs 
48 yaw's  o hos 
69 cabbage  vat icq 
25700
75 pertness  di;s bow 
85 tandems  wj" ems 
25800
77 gentle  .b spa 
25900
69 seaboard  few gefh 
70 pyromania's  po0giub fit 
26000
0 groin  gun a 
88 drink   rink 
84 snowdrift  pmd; rift 
26100
69 Berbers  Wed mvg 
26200
25 commerce  Hat sukl 
26300
85 kindred  hb" red 
85 fondant  ed" ant 
26400
26500
81 jingle  vm don 
39 minibus  mYs qw2 
26600
26700
74 trait's  pfm sit 
85 dawdles  gj; les 
85 dawdled  gj; led 
26800
70 Reykjavik's  Rs;cnuz lit 
80 bound  esq g 
69 fibbers  sit mvg 
26900
69 Cassiopeia's  Vae1akdi fit 
27000
4 muslin  bu val 
76 Dis's  H tit 
27100
76 zit's  v sit 
39 sexiest  sUe vq5 
27200
69 bauble  wac da 
7 viol's  lams z 
88 drove   rove 
27300
71 clematis's  u.miux tit 
27400
0 troika's  tun dati 
43 Chrystal's  Pj3;hb sos 
11 cesspool  dl42 pam 
21 Kantian  Hwb Bow 
27500
79 untangle  ;ihe don 
27600
1 drive's  cs yeti 
25 yammered  Rot summ 
48 pal's  f sos 
27700
80 Fiona  Auk b 
73 credit's  kvqh sit 
27800
15 prose   mara 
27900
12 stopper  z3. oks 
28000
84 alluding  bog9 ing 
78 ensuing  b tim d 
74 Punic's  Tab dit 
69 barbell  wad mhx 
28100
39 wirier  wYo vp 
29 deescalates  rbmz1. Luvs 
28200
30 migratory  jan .8Bsj 
82 Anabel  E ban  
74 Putin's  Tax iit 
25 commas  Hat wt 
28300
4 Gasser  Ha imp 
28400
18 Jaime  Keens 
28500
47 opal's  tf sos 
28600
28700
28800
8 ant's  ilk z 
85 windups  tb" ups 
28900
39 derive  dUo eg 
29000
2 Finn's  G anti 
25 communes  Hat cimz 
88 dives   ives 
25 communed  Hat cimm 
29100
21 neutral  msy You 
29200
29300
81 rankle  ne hon 
73 Fannie's  Nezb bit 
69 Bilbao  Wiz ik 
80 frenzy  ana yz 
39 miniaturist's  mYs rv40re58; 
8 Irving  Aping  
29400
67 every  t pro 
46 sisal's  1re sos 
21 Faith  Ewe C 
29500
21 Tsitsihar  Wee Xgq,d 
25 Chimera  hfp sui 
84 Stendhal  Pwn" hal 
29600
80 spangle  tle don 
1 olive's  hm yeti 
73 Arabia's  Ivun fit 
29700
74 vanity's  rub s7 o 
81 manifolds  qe jed  s 
29800
29900
80 bounds  esq gp 
30000
30100
20 Boeotian  Nlsc Bow 
30200
81 sensor  oa ply 
30300
30400
74 inertness  mzi;s bow 
30500
30600
11 exemplar  bq", sos 
30700
2 five's  g yeti 
71 bullshit's  t7dhgd sit 
30800
73 creepiness  kvqi9n bow 
30900
88 drake   rake 
74 Nubian  Jan f  
31000
31100
81 manifold  qe jed   
25 common  Hat yi 
74 jumpiness  naa9n bow 
31200
78 instants  n the wp 
80 kernels  lyv fox 
39 benign  bUs tl 
31300
72 parsnip's  2ivgb wit 
31400
80 Vienna  Qua mb 
31500
74 Annie's  Ezb bit 
31600
78 externals  b6syv box 
73 Lonnie's  Dkzb bit 
38 physic  chIn p 
31700
86 cudgel  h9 gel 
82 snivel's  w jun cs 
31800
0 shrimp's  sos bpti 
31900
73 Debbie's  Lavn bit 
52 Everette  E moo 9d 
32000
85 letdowns  on8 owns 
32100
69 Rubbermaid  Gut mvym c 
83 navel's   bun cs 
78 internals  n syv box 
74 Janie's  Nub bit 
39 Benita  BUs gc 
39 Benito  BUs gm 
39 Semites  SUp gg2 
32200
74 weariness  sqm;n bow 
76 nip's  b wit 
33 fallow  4. And 
32300
86 hydrae  c5 rae 
73 Donnie's  Lkzb bit 
44 oatmeal's  m 6vs sos 
81 jungle  vq don 
32400
75 wariness  cm;n bow 
85 bandages  aj" ages 
32500
32600
32700
5 Aswan  A mil 
88 dells   ells 
69 gabble  rat da 
85 mending  nn" ing 
32800
32900
73 cabbie's  kevn bit 
83 navel   bun  
33000
84 standout  pwj" out 
33100
23 Ellesmere  I8Gkj sum 
81 lonely  pk for 
33200
20 marathon  abdm Caw 
33300
33400
24 teammate   Not wsm 
0 groins  gun as 
33500
85 sandman  pj" man 
73 Bernie's  Jafb bit 
0 shrimp  sos bp 
33600
80 stand  the g 
8 ECG's  MAX z 
88 djinn   jinn 
7 mink's  walt z 
33700
33800
6 shady   riff 
42 practical's  9ac"6ru sos 
33900
34000
73 Bosnia's  Jkgb fit 
69 Yaobang  Lay ijs 
34100
22 outfit  yy Mgm 
68 megalomania's  ;pgw.giub fit 
34200
0 addict's  ace ltti 
71 ordinariness  y0lmzm;n bow 
34300
25 gamma  Lot w 
25 mommy  Fat o 
25 momma  Fat w 
34400
15 problems   machine 
84 grinding  dqb" ing 
34500
4 ensign  jn sol 
2 give's  f yeti 
34600
85 pendant  sn" ant 
34700
82 angle  e don 
34800
74 labials  hun f"t 
39 munition  mEs gk., 
78 inbound  n esq g 
34900
86 andiron  j" iron 
80 spellbinding  tla"oab" ing 
35000
82 fussbudget  b;ppi9 get 
29 quadratic  grim .8Db 
35100
81 Ronald  Nk boo 
75 shit's  gd sit 
35200
73 Zambia's  Reyn fit 
35300
24 teammates   Not wsmz 
4 Gustav  Hu nit 
84 trending  wqn" ing 
35400
0 shrive  sos ye 
35500
25 hammed  Cot sc 
44 crystal's  a3;hb sos 
25 hammer  Cot su 
84 blending  aon" ing 
35600
72 benefit's   mjqj sit 
35700
69 bobby  wot q 
46 pilaw's  2rz hos 
35800
88 dirks   irks 
85 lowdown  od; own 
75 snit's  gb sit 
35900
30 manacling  jig3, Dot 
36000
75 mail's  ym kit 
36100
85 handing  kj" ing 
2 lifespans  m ie jill 
36200
36300
69 gabbled  rat dap 
76 zip's  v wit 
36400
54 nocturnes  fri 8stpt 
36500
78 unbound  r esq g 
36600
74 sweetness  wci,s bow 
75 sexiness  gi1n bow 
36700
82 snobs  w lax 
36800
26 Tamera  Zx sui 
84 postdate  slx8 ate 
69 bobbin  wot aj 
36900
46 squaw's  1jc hos 
37000
88 devil   evil 
25 commune  Hat cim 
75 Pekinese  Di"n boa 
37100
80 signals  tuc box 
80 flannel  ape mfg 
7 waiving  miking  
84 spending  psn" ing 
37200
73 brazenness  jvuv,i bow 
30 condolence  dgg6  Hope 
75 laziness  xm3n bow 
37300
85 Mondale  Nd" ale 
75 bail's  vm kit 
37400
85 windbags  tb" bags 
37500
7 Riel's  Hags z 
75 suit's  gy sit 
37600
80 witness's  pup fpxk7 
37700
88 drank   rank 
37800
82 Anabel's  E ban cs 
73 doggie's  lksk bit 
37900
30 migrated  jan .8He 
69 gobbles  rot dag 
38000
69 gobbled  rot dap 
38100
10 zings  eng 2 
83 upholding  ;skd  ing 
38200
73 Brazil's  Jvuv kit 
52 compromise  c9emx; hip 
38300
0 shriek's  sos jkti 
47 Opal's  Tf sos 
38400
4 Nasser  Aa imp 
74 patienter  tux b syv 
38500
73 Dannie's  Lezb bit 
39 jujitsu's  jEw gq4eh 
38600
84 slowdowns  pod; owns 
38700
84 standoffs  pwj" offs 
0 toxins  thy as 
38800
0 atria  ass n 
39 atria  aDo r 
13 taproom  3  mani 
39 Munich  MEs pj 
69 seabird  few avp 
38900
75 fail's  rm kit 
84 fail's  ebb cs 
75 serenest  gi;b bop 
74 Rubin's  Van iit 
32 scaling  z1. Dot 
46 royal's  0to sos 
25 Gilmore  lgu yum 
39000
0 sodium's  she zmti 
5 Ismael  I wigs 
85 windsurf  tb" surf 
74 wackiness  suo"n bow 
39100
0 busily  brr cy 
39200
73 Jesuit's  Bagy sit 
39300
0 business  brr ae i 
39400
84 building  avb  ing 
39500
75 darkness  pm;l bow 
84 blindside  aob" side 
72 topsoil's  6gtgc kit 
73 Garcia's  Oefo fit 
39600
0 codices  che le  
85 Windward  Tb" ward 
39 derives  dUo eg2 
39 miniaturists  mYs rv40re5l 
39700
52 Everett  E moo 9 
0 businessmen  brr ae iegq 
39800
41 reciprocal's  o,pk10tu sos 
39 design's  dUn tlf1 
0 sheik  sod d 
39900
39 minicams  mYs pc,1 
40000
71 snowsuit's  e,gsgy sit 
73 jaggedness  besk,c bow 
74 spoil's  wdc kit 
40100
73 chunkiness  klab"n bow 
39 resign  rUn tl 
40200
40300
73 pinkie's  xmzg bit 
0 shrift  sos it 
40400
40500
84 swindled  ptb" led 
84 swindles  ptb" les 
40600
31 imbalance  ad0. Lope 
40700
40800
43 cornmeal's  pm3,vs sos 
10 vulgarity  ire  "vzx 
40900
7 milk's  want z 
41000
0 Atria  Ass n 
39 Atria  ADo r 
69 gobbler  rot daf 
41100
88 downs   owns 
41200
70 inbred  ix zap 
39 pipits  pYm gq 
41300
76 nit's  b sit 
86 Rudyard  Y9 yard 
41400
1 chive's  di yeti 
74 Rubik's  Van lit 
85 handpick  kj" pick 
41500
76 hit's  d sit 
41600
0 Muriel  Mrs jl 
41700
86 duding  o9 ing 
83 navels   bun 7 
41800
39 minibus's  mYs qw2eh 
39 humidor's  hEp wm3eh 
12 misplay  d.2 sox 
41900
6 spiel   jags 
85 winding  tb" ing 
42000
43 physical's  cj81ru sos 
39 busiest  bEn vq5 
42100
85 laudably  oj9 ably 
81 tinkle  hm hon 
85 laudable  oj9 able 
42200
6 spans   jill 
74 labial's  hun f" o 
42300
73 Kurtis's  Cqfx tit 
42400
74 plainness  txm i bow 
0 dative's  dfu yeti 
42500
76 tip's  x wit 
20 electron  ioso Yaw 
42600
42700
69 fibbing  sit ajs 
42800
6 snarl's   tips z 
75 forensic  rc;b tug 
71 alleluia's  w.daxy fit 
45 cymbal's  ";vt sos 
18 raise  seeps 
76 bit's  n sit 
76 aptness  m9s bow 
42900
21 neutron  msy Yaw 
43000
39 pumice  pEp pg 
38 catnip  paDs c 
74 Addie's  Eph bit 
43100
43 requital's  ag07rb sos 
84 failures  ebb 1res 
62 Joey's  Mac kb 
43200
43300
43400
73 Bonnie's  Jkzb bit 
43500
86 audits  j9 its 
74 briefness  ffe,a bow 
43600
43700
39 pumices  pEp pg2 
69 bobble  wot da 
43800
88 dales   ales 
43900
33 palings  ". Dots 
44000
44100
73 Reggie's  Zask bit 
44200
44300
72 terabit's  6mvun sit 
30 heartland  omh ; Low 
80 Tianjin  Sue ije 
44400
74 rubicund  van d;ix 
44500
0 atriums  ass zm  
39 atriums  aDo fo2 
86 Hudson  C9 son 
44600
80 stands  the gp 
44700
44800
71 Stefanie's  E6mbub bit 
57 amuse  5 tip 
85 handgun  kj" gun 
6 swans   mill 
66 levees   t pee 
44900
80 beanbag's  eye ablk7 
45000
70 Lusitania's  Lc1apub fit 
75 snip's  gb wit 
33 poling  "  Dot 
45100
43 Portugal's  Cm36nq sos 
80 quinine  vim jmn 
45200
0 shrink  sos ak 
45300
69 rubber  gut mv 
45400
74 vanilla's  rub k"f;w 
45500
45600
86 cudgels  h9 gels 
45700
74 radio's  vuh hit 
45800
45900
78 O'Connell  HiDsj fog 
81 tingle  hm don 
39 Semitic's  SUp gk"eh 
74 Fabian  Bun f  
46000
88 dares   ares 
69 Barbra  Wad ze 
46100
73 ruggedness  zqsk,c bow 
75 pureness  dy;b bow 
46200
74 Janis's  Nub tit 
85 Randall  Qj" all 
4 costar  lo nip 
46300
69 gabby  rat q 
46400
85 pending  sn" ing 
7 hilt's  rank z 
46500
46600
47 real's  is sos 
46700
74 vanilla  rub k"f 
74 labia  hun f 
85 Golding  Dd  ing 
80 Quentin  Via wje 
46800
20 Jonathan  Flxm Cow 
39 Semite  SUp gg 
46900
47000
25 dormancy  Oak wikp 
45 spiral's  22rd sos 
85 doldrums  gd  rums 
69 forbore  sod gvq 
75 sternest  gx,u bop 
39 music  mEn p 
85 Randell  Qj" ell 
47100
38 Gordian's  ToBy rlf1 
85 sandbars  pj" bars 
47200
80 connive  dsj jun 
47300
47400
13 employ  ", sax 
13 supper  44 oks 
47500
73 Portia's  Xkfx fit 
0 shrift's  sos itti 
47600
74 mugginess  iak.n bow 
85 bandits  aj" its 
47700
84 Proudhon  Sqd9 hon 
0 choice  con le 
47800
85 sandbox  pj" box 
47900
80 sponsor  tlk ply 
69 Barbour  Wad gqf 
48000
74 Praia's  Tfm fit 
85 hindmost  kb" most 
48100
84 grandpas  dqj" pas 
39 Mujib  MEw q 
69 Berber  Wed mv 
48200
2 wingspans  v ag jill 
85 gelding  dn  ing 
88 dicky   icky 
48300
85 mindless  nb" less 
48400
80 wrangle  pne don 
6 small   wins 
48500
47 zeal's  as sos 
28 mender   sill  
48600
74 panic's  tub dit 
48700
73 cleverness  khqz,u bow 
48800
21 goitre  dye Yk 
6 shave's   ritz z 
48900
70 hoboes  hy gag 
73 Nannie's  Fezb bit 
75 sail's  gm kit 
49000
80 cygnets  dec fwx 
49100
49200
0 troikas  tun da  
77 pencil  9b duh 
22 Nathan  Xm Cow 
49300
74 spareness  wdm;b bow 
85 mandrill  nj" rill 
68 trusteeship's  "gue6magd wit 
49400
75 dais's  pm tit 
49500
69 Barbie  Wad aa 
49600
84 fielding  ejn  ing 
86 Rydberg  Y5 berg 
49700
46 bylaw's   bz hos 
46 shoal's  1sy sos 
49800
2 hive's  i yeti 
74 fleetness  bxi,s bow 
49900
67 Avery  P pro 
39 residual  rUn ww . 
74 levelness  hqz,k bow 
50000
30 Tamra  Sid . 
39 derides  dUo wg2 
0 choicest  con le n 
50100
33 doling  6  Dot 
50200
50300
74 Nubia  Jan f 
88 drubs   rubs 
50400
50500
62 Karyn  Lot " 
3 guesser  .ze imp 
50600
50700
50800
32 dialings  m;. Dots 
50900
78 snout  t hip 
0 shrill  sos cl 
80 boundary  esq gby5 
51000
48 law's  z hos 
83 unbending  ;man" ing 
39 resides  rUn wg2 
27 impugn  p frog 
51100
46 total's  6tb sos 
51200
85 mandrake  nj" rake 
6 shags   riel 
39 luridly  lEo wn8 
43 corporal's  pm32td sos 
51300
7 rill's  hans z 
84 fieldwork  ejn  work 
10 vulgarizing  ire  "vthjk 
51400
85 holdover  kd  over 
75 goriness  sc;n bow 
51500
39 deride  dUo wg 
75 Veronese  Bi;h boa 
51600
46 steal's  1os sos 
51700
0 busing's  brr agti 
51800
75 deepness  pi,w bow 
51900
52000
30 Camry  Did 6 
52100
73 Gambia's  Oeyn fit 
85 bandana  aj" ana 
86 Indore  B" ore 
2 jive's  k yeti 
52200
85 windsock  tb" sock 
75 Guyanese  Sy0f boa 
82 ankle  e hon 
52300
74 intrinsic  mzx;n tug 
52400
80 shingle  ttm don 
32 Memling  D7" Dot 
52500
72 biscuit's   awwy sit 
52600
0 tonics  tho ls 
85 windmill  tb" mill 
52700
12 display  m.2 sox 
82 knell  o fog 
52800
85 Knudsen  He9 sen 
52900
0 sheikhs  sod dh  
53000
21 Bentham  Asb Cot 
80 tunnels  sij fox 
53100
69 warbles  bad dag 
38 physicist  chIn pk26 
53200
7 wink's  malt z 
53300
85 Bowditch  Ad; itch 
53400
75 Guinness  Sy i bow 
53500
32 dealing  m7. Dot 
73 cheekiness  klqi"n bow 
53600
0 toxin  thy a 
53700
53800
69 Mauritania's  Xac0apub fit 
74 awareness  ecm;b bow 
53900
6 spank   jilt 
74 Janis  Nub t 
86 sudden  x9 den 
54000
0 businesslike  brr ae idktb 
85 thudding  wc9 ding 
54100
54200
25 commute  Hat csm 
4 bestir  me nap 
74 snail's  wzm kit 
54300
54400
85 landlord  oj" lord 
70 Dubrovnik's  Dc zkbb lit 
39 humidors  hEp wm31 
54500
54600
0 businesses  brr ae imq 
31 beetling  jl7; Dot 
54700
54800
6 snarl   tips 
6 slams   viol 
54900
55000
55100
33 caller  1. Ada 
39 Munich's  MEs pjf1 
55200
25 foamy  Max o 
55300
25 foams  Max e 
55400
25 hammock  Cot ydc 
55500
47 weal's  ls sos 
55600
55700
71 slipperiness  e.atdi;n bow 
21 protean  sdc Now 
55800
69 barbered  wad mvqh 
14 spiky  2 vex 
55900
39 pipit  pYm g 
0 toxic  thy l 
38 Gabriela  TaRo vn  
54 nocturne  fri 8stp 
56000
73 Maggie's  Eesk bit 
80 Flanagan  Ape bdj" 
56100
86 endear  n" ear 
75 exit's  qt sit 
56200
56300
76 Tia's  X fit 
56400
32 sealant  z7. Log 
75 Emil's  Qa kit 
56500
46 local's  .tu sos 
56600
76 yip's  u wit 
56700
88 dills   ills 
56800
20 Aleutian  Mosy Bow 
56900
57000
20 Capetian  Obfi Bow 
74 vanillas  rub k"fo 
57100
76 Vientiane  Z b sue f 
57200
88 dairy   airy 
57300
84 sveltest  pun 0est 
39 besides  bUn wg2 
57400
73 caddie's  keph bit 
57500
75 Neil's  Zi kit 
47 veal's  ms sos 
74 media's  iqh fit 
84 amendable  bnn" able 
57600
25 foamed  Max sc 
84 denuding  gfe9 ing 
57700
0 shrink's  sos akti 
57800
84 spindled  psb" led 
75 foil's  rc kit 
57900
39 sepia  sUm r 
80 blindfolding  epm ged  ing 
58000
25 commodes  Hat ycmz 
20 Croatian  Oqym Bow 
58100
85 syndrome  pr" rome 
74 manganese  iub.f boa 
58200
80 Dianna  Cue mb 
80 Dianne  Cue mf 
58300
33 pallor  ". Ana 
58400
80 Tianjin's  Sue ijek7 
58500
58600
55 promise  mx; hip 
31 Cortland  Kf ; Low 
69 gabbling  rat dmzk 
58700
74 pubic  tan d 
74 tackiness  puo"n bow 
58800
74 habit's  lun sit 
47 Neal's  Us sos 
80 spinals  tlm box 
69 Serbia  Fed ae 
86 endives  n" ives 
58900
73 paltriness  xexx;n bow 
7 rink's  halt z 
59000
47 coal's  xy sos 
59100
80 flanked  ape hfo 
74 Angie's  Ezk bit 
32 Hewlett  A78 Hug 
59200
76 Bernays  N,u few 
59300
43 proposal's  cp.2te sos 
38 physicists  chIn pk26h 
0 shrills  sos cl  
59400
25 maimed  Fop sc 
82 suspending  w;psn" ing 
0 Tajikistan  Tfk di nil 
59500
85 foldaway  ed  away 
46 usual's  7hc sos 
31 indolence  ag6  Hope 
59600
0 shrike's  sos deti 
59700
0 motive's  mhu yeti 
59800
84 wielding  tjn  ing 
59900
60000
88 droll   roll 
25 commence  Hat sikl 
60100
31 escalates  mz1. Luvs 
60200
60300
75 likeness  xe"b bow 
60400
66 livery   x pro 
60500
73 pencil's  xazo kit 
60600
31 paroling  xh   Dot 
75 evenness  qz,i bow 
0 Rheingau  Rod ag2o 
60700
0 bruin  but a 
45 outlaw's  .7oz hos 
60800
6 swirl   maps 
60900
39 munitions  mEs gk.,h 
75 waxiness  cm1n bow 
84 standing  pwj" ing 
61000
88 drill   rill 
34 allow  . And 
39 designs  dUn tl2 
22 python  fu Caw 
61100
80 Donnell  Csj fog 
61200
74 mania's  iub fit 
33 follow  4  And 
75 bait's  vm sit 
74 Nadia's  Juh fit 
61300
73 leftie's  darx bit 
30 migrant  jan ."Y 
85 gondola  dd" ola 
61400
25 command  Hat wil 
61500
81 finals  zm box 
82 husbanding  l;paj" ing 
61600
86 indices  b" ices 
33 balance  0. Lope 
61700
61800
72 tinfoil's  6ajrc kit 
33 baling  0. Dot 
61900
62000
10 vulgarly  ire  "sw 
67 encyclopedia's  t8vyu.gtqh fit 
62100
74 Rubik  Van l 
73 Jackie's  Bewg bit 
62200
0 Murine's  Mrs aeti 
62300
73 laddie's  deph bit 
38 tawniest  gaGs vq5 
39 Fuji's  FEw 4q 
62400
81 senile  oa jon 
88 drays   rays 
71 wretchedness  a0mpwd,c bow 
73 Jannie's  Bezb bit 
62500
81 manifolding  qe jed  ing 
74 trail's  pfm kit 
62600
62700
62800
69 Gerber  Red mv 
69 barberry  wad mvfu 
62900
80 standby's  the gark7 
74 lumpiness  haa9n bow 
63000
26 bumpkin  ll flag 
73 lentil's  dazx kit 
63100
63200
84 Freudian  Eqn9 ian 
0 tonier  tho jr 
46 wheal's  5ss sos 
72 warship's  5ivgd wit 
63300
75 airiness  ue;n bow 
72 wingtip's  5ajsx wit 
88 dears   ears 
0 sheikh  sod dh 
63400
63500
73 pluckiness  xhao"n bow 
63600
10 pilgrim  one 39r 
63700
21 faith  ewe C 
78 ensue  b tia 
63800
73 kiddie's  cmph bit 
63900
39 Fujitsu's  FEw gq4eh 
54 inattentive  ask 9dtanxc 
64000
39 semitropical  sUp gp.2ru s 
74 Putin  Tax i 
64100
64200
77 gentleness's  .b spa fpxk7 
0 businessman  brr ae iecq 
64300
38 Gordian  ToBy rl 
82 snivel  w jun  
85 windpipe  tb" pipe 
74 smokiness  wyc"n bow 
64400
39 reside  rUn wg 
64500
0 choice's  con leti 
48 raw's  d hos 
1 djinn's  ck anti 
64600
44 Krystal's  I3;hb sos 
69 tidbits  air apg 
48 caw's  u hos 
64700
74 craziness  gfm3n bow 
85 gilding  db  ing 
64800
44 palatal's  r .zb sos 
64900
21 dogtrot  gyk Yam 
84 spindles  psb" les 
78 O'Donnell  HiCsj fog 
39 wiriest  wYo vq5 
65000
65100
75 edit's  qh sit 
75 curtness  wy;s bow 
65200
88 damps   amps 
65300
39 minicam's  mYs pc,eh 
6 shave   ritz 
75 ship's  gd wit 
65400
38 Plexiglas  ClUe tn 1 
65500
74 Effie's  Arj bit 
65600
3 inn's   anti 
82 snivels  w jun 7 
65700
47 Aral's  Zd sos 
61 rugby  grid  
65800
69 bobbies  wot aag 
88 drain   rain 
65900
88 drums   rums 
66000
7 will's  mans z 
66100
74 quail's  uam kit 
66200
66300
23 Ethan  I Cow 
39 desire's  dUn agf1 
66400
66500
66600
80 flanks  ape hp 
66700
66800
0 Kirghistan  Kns.gi nil 
66900
85 wildfowl  tb  fowl 
67000
44 orbital's  m3 rb sos 
85 mandate  nj" ate 
67100
10 vulgar  ire  " 
85 handbag  kj" bag 
67200
25 commend  Hat sil 
67300
0 acridest  ads ke n 
67400
12 simplex  z., sky 
67500
67600
69 robbing  got ajs 
75 gait's  sm sit 
4 Musial  Bu sin 
39 Musial  MEn rn 
67700
73 pistil's  xmgx kit 
84 emending  fnn" ing 
81 manifolded  qe jed  ed 
74 Sabik's  Wun lit 
67800
0 coding  che ag 
69 tidbit  air ap 
67900
68000
62 Tory's  Sat kb 
85 maudlin  nj9 lin 
86 muddied  f9 died 
86 muddies  f9 dies 
69 multimedia's  xuz6aiqh fit 
0 troika  tun da 
68100
5 Asimov  A semi 
6 swill   mans 
43 betrayal's  qg50zo sos 
75 Amie's  Ua bit 
68200
69 barbecue's  wad mgaint 
25 dorm's  Oak 1t 
68300
73 Jeanie's  Baub bit 
80 flanges  ape dfx 
70 ownership's  oa,mvgd wit 
75 nail's  zm kit 
68400
73 Galois's  Oexc tit 
30 annealing  ffg7. Dot 
56 Samoset  Y5 nips 
68500
81 Winkle  Km hon 
68600
0 Punic  Pro l 
74 Punic  Tab d 
69 Beaujolais's  Wew7bkxm tit 
68700
21 foxtrot  eyt Yam 
69 Barbary  Wad ivm 
69 Barbara  Wad ivu 
69 robber  got mv 
68800
68900
69 webbing  bet ajs 
74 labial  hun f" 
69000
80 bounder  esq gfy 
80 bounded  esq gfo 
80 bounden  esq gfe 
47 Baal's  Yw sos 
75 boil's  vc kit 
84 boil's  alb cs 
69100
74 Amerindian  Eyi;n cue  
69200
0 native's  nfu yeti 
88 dross   ross 
71 Francois's  P0ijwc tit 
25 hammering  Cot suag5 
69300
78 uncut  r dip 
69400
69500
69600
70 Metamucil's  Ms6iiao kit 
71 arpeggio's  w0xask hit 
77 pundit  9r cup 
69700
7 Marvin  Wiping 
69800
39 desires  dUn ag2 
30 Lagrangian  Kin ."Jhrn 
39 musician  mEn pk , 
69900
71 asphyxia's  w1xlmt fit 
70000
73 nuncio's  fqzo hit 
70100
74 patients  tux b so 
84 showdowns  pkd; owns 
73 dreariness  lvqm;n bow 
6 spank's   jilt z 
70200
73 meagerness  eauk,u bow 
73 Richie's  Zmwd bit 
70300
85 bandanna  aj" anna 
7 Carl's  Yips z 
70400
77 gentians  .b sue p 
85 Kendall  Hn" all 
69 fobbing  sot ajs 
76 nil's  b kit 
70500
73 newbie's  facn bit 
4 fossil  io ian 
65 knavery  2"p pro 
70600
85 dendrite  gn" rite 
70700
86 Ludwig  G9 wig 
69 Barber  Wad mv 
70800
73 rabbit's  zevn sit 
54 Assamese  Iny5 dip 
0 addict  ace lt 
29 quadrangles  grim ."Jmvs 
70900
6 swirl's   maps z 
74 cabin's  gun iit 
36 logic  AntiS 
71000
75 unit's  ab sit 
22 Python  Fu Caw 
85 holdups  kd  ups 
71100
39 desire  dUn ag 
38 tawnier  gaGs vp 
71200
73 Narnia's  Fefb fit 
71300
69 baobab  way if 
73 mindedness  emzh,c bow 
71400
85 landmark  oj" mark 
0 punier  pro jr 
71500
80 Stanley  The ofr 
69 septicemia's  fef6agqa fit 
36 antis  LogiC 
71600
34 clank  , Lox 
34 clang  , Lot 
71700
71800
71900
80 runnels  uij fox 
72000
30 migrate  jan .8H 
20 telethon  xfzi Caw 
72100
73 deceit's  lawi sit 
83 unhanding  ;mkj" ing 
71 flagship's  p.icgd wit 
30 condoling  dgg6  Dot 
72200
72300
84 Abelson  Ban 7on 
74 taxis  put t 
7 Will's  Mans z 
72400
6 spiel's   jags z 
72500
78 mundanely  j;ixe for 
76 openest  c9b bop 
72600
88 doily   oily 
48 paw's  f hos 
46 vocal's  4tu sos 
19 Johnathon  Nckxm Caw 
72700
12 perplex  y"3 sky 
39 genial  gUs rn 
43 charcoal's  pj 0xy sos 
80 crinkle  dnm hon 
72800
44 natural's  l 6nd sos 
0 shrimps  sos bp  
69 bobbing  wot ajs 
72900
69 bobbins  wot ajg 
76 tit's  x sit 
25 mommas  Fat wt 
75 chit's  wd sit 
72 plaudit's  2deah sit 
39 pumice's  pEp pgf1 
73 Marcie's  Eefo bit 
73000
73100
81 sanely  oe for 
73200
69 baubles  wac dag 
73300
73 cheeriness  klqi;n bow 
80 Flanagan's  Ape bdj"cs 
2 sideswiping  r ke marvin 
73400
7 rank's  hilt z 
80 Diann  Cue m 
80 Diana  Cue b 
80 Diane  Cue f 
69 rubble  gut da 
73500
73600
74 ineptness  mzi9s bow 
73700
73 dermis's  lafa tit 
73800
73900
86 Judson  A9 son 
47 seal's  hs sos 
74000
73 birdie's  jmfh bit 
80 hobnobs  osf lax 
74100
85 windburn  tb" burn 
74200
21 swathes  pam Ckj 
22 Gotham  Qc Cot 
74300
30 migrants  jan ."Yr 
74400
80 flank  ape h 
85 lauding  oj9 ing 
69 Robby  Got q 
74500
88 dinky   inky 
39 mini's  mYs 4q 
74600
73 mantis's  eezx tit 
85 Goldberg  Dd  berg 
33 palette  ". Huge 
74700
74 flakiness  bxm"n bow 
25 commander  Hat will  
25 commanded  Hat will6 
74800
85 bondage  ad" age 
51 severe  ;e moo 
85 landslid  oj" slid 
74900
69 Seaborg  Few gvs 
84 upending  vsn" ing 
74 lankiness  hub"n bow 
26 Jimenez  Dp sims 
75000
75100
88 dread   read 
88 dream   ream 
72 toenail's  6gazm kit 
69 forbear  sod mef 
75200
4 assign  ns sol 
75300
75400
88 dally   ally 
32 dialing  m;. Dot 
75500
34 older    Ida 
72 worship's  5gvgd wit 
80 funnels  aij fox 
75600
74 adeptness  epi9s bow 
12 Simpson  Z., lao 
75700
39 humid  hEp w 
76 newness  b,p bow 
75800
75 paranoia  dm;f hue 
74 Tunis's  Pab tit 
38 Gabriela's  TaRo vn eh 
75900
39 legibly  lUz qn8 
31 farmland  nh " Low 
76000
76100
86 endless  n" less 
75 Lois's  Xc tit 
44 journal's  h.7ix sos 
69 fibber  sit mv 
74 Amerindians  Eyi;n cue p 
76200
84 svelte  pun 0e 
70 neuralgia's  ns7zexk fit 
76300
88 daunt   aunt 
76400
74 cubit's  gan sit 
81 penile  la jon 
82 fussbudgets  b;ppi9 gets 
72 topsail's  6gtgm kit 
76500
75 soil's  gc kit 
76600
78 India  N cue 
76700
84 Glendale  Don" ale 
88 ditch   itch 
88 dwelt   welt 
76800
84 amending  bnn" ing 
85 scudding  ph9 ding 
73 Kuwait's  Cqcm sit 
76900
77000
73 Robbie's  Zkvn bit 
75 coziness  wc3n bow 
77100
84 failure  ebb 1re 
34 clings  , Dots 
77200
85 pendants  sn" ants 
77300
69 Forbes  Sod mw 
45 avowal's   4ta sos 
25 yammer  Rot su 
77400
77500
26 Mamore  Cx yum 
1 Turkestan  St;de nil 
85 Sindbad  Pb" bad 
77600
73 abruptness  iffy9s bow 
80 stanzas  the ybx 
74 Mamie's  Iua bit 
84 standouts  pwj" outs 
77700
77800
44 Crystal's  A3;hb sos 
85 landfill  oj" fill 
62 Mary's  Jot kb 
77900
78000
69 gabbier  rat aaf 
8 Irvin  Aping 
78100
75 whip's  cd wit 
78200
39 genii  gUs z 
84 standoff  pwj" off 
78300
74 avail's  ebm kit 
74 ratio's  vux hit 
78400
8 Gil's  Oks z 
76 Gil's  K kit 
78500
74 patient  tux b s 
78600
81 single  om don 
78700
78800
7 malt's  wink z 
85 minding  nb" ing 
39 humidity  hEp wk5; 
78900
74 cabin  gun i 
79000
69 Robbie  Got aa 
69 Robbin  Got aj 
79100
69 barberries  wad mvfe,t 
75 firmness  re;j bow 
79200
85 molding  nd  ing 
79300
32 droller  m   Ada 
75 wait's  cm sit 
79400
74 smartness  wym;s bow 
79500
79600
79700
28 murder   cull  
39 Derick's  DUo pif1 
73 McNeil's  EgZi kit 
79800
80 stanza  the yb 
39 Semitics  SUp gk"1 
80 cuing  dim d 
79900
88 drugs   rugs 
25 maims  Fop e 
80000
0 addicts  ace lt  
85 landward  oj" ward 
80100
73 pundit's  xqzh sit 
85 handbill  kj" bill 
80200
78 Indianans  N cue bmx 
22 Titian  Be Bow 
80300
85 handles  kj" les 
0 tonic  tho l 
80400
73 Rickie's  Zmwg bit 
80500
47 oral's  td sos 
80600
83 beholding  ,fkd  ing 
80700
74 eagerness  auk,u bow 
80 hymnals  oei box 
74 Tania's  Pub fit 
80800
32 sealing  z7. Dot 
74 sleekness  wxi,l bow 
1 Olive's  Hm yeti 
80900
0 shrinkable  sos ak2xdg 
86 buddies  i9 dies 
69 baobabs  way ifg 
81000
74 email's  aym kit 
81100
33 colder  1  Ida 
81200
85 finding  eb" ing 
81300
74 Lucia's  Hao fit 
71 swimsuit's  e5aigy sit 
81400
69 gabbiest  rat aagx 
80 beanbag  eye abl 
43 Parsifal's  Cc31rp sos 
81500
73 breeziness  jvqi3n bow 
81600
81700
75 rail's  fm kit 
14 spoor  2 pas 
14 spool  2 pam 
81800
75 ripeness  fe9b bow 
22 patron  fm Yaw 
81900
82000
48 gal's  q sos 
73 doggedness  lksk,c bow 
82100
84 Eurydice  Fvy5 ice 
69 barbeque  wad muai 
85 feldspar  en  spar 
82200
74 vanity  rub s7 
88 drips   rips 
82300
80 cyanide's  dee jgnk7 
31 redolence  zl6  Hope 
85 windward  tb" ward 
69 Robbins  Got ajg 
82400
83 unfolding  ;med  ing 
80 kennels  lyj fox 
82500
0 shriek  sos jk 
76 dimness  h j bow 
82600
80 Quinn  Vim m 
8 aping  irvin 
9 aping  cong  
72 beaux   meat 
82700
85 wending  tn" ing 
39 musicians  mEn pk ,h 
88 divan   ivan 
6 shalt   rink 
82800
84 branding  aqj" ing 
33 roller     Ada 
82900
85 Moldova  Nd  ova 
74 weirdness  sqe;c bow 
83000
85 landfall  oj" fall 
83100
80 twinkle  skm hon 
80 quandary  vie gby5 
83200
83300
83400
78 instantly  n the wor 
33 paling  ". Dot 
43 personal's  cg31tx sos 
83500
88 draft   raft 
67 governorship's  v9ced,gvgd wit 
76 mil's  a kit 
85 landlady  oj" lady 
75 wiriness  ce;n bow 
83600
28 unappealing  8xfxy7. Dot 
83700
85 bandage  aj" age 
83800
30 heartlands  omh ; Lows 
85 Sandburg  Pj" burg 
83900
80 quantify  vie wjm5 
32 Gatling  N3; Dot 
84000
4 distil  ki nan 
84 Klondike  Hod" ike 
84100
88 doffs   offs 
74 patio  tux h 
86 endways  n" ways 
69 bobbles  wot dag 
84200
85 landmass  oj" mass 
88 dwell   well 
84300
84400
39 Derick  DUo pi 
84500
25 Gaiman  lop wi 
84600
39 Dixie  DYe v 
84700
75 evil's  qz kit 
73 permit's  xafa sit 
84800
74 patient's  tux b s;w 
85 handcart  kj" cart 
80 bounder's  esq gfyk7 
84900
74 extrinsic  alx;n tug 
85000
30 appealing  fxy7. Dot 
39 Fujitsu  FEw gq4 
80 beaning  eye jml 
85100
69 rubbing  gut ajs 
85200
45 appeal's   2ks sos 
85300
85400
75 soreness  gc;b bow 
85500
85 handout  kj" out 
85 handcar  kj" car 
85600
25 Carmela  hok ski 
85700
85 sandbar  pj" bar 
85 fondants  ed" ants 
81 tangle  he don 
85800
86 indexes  b" exes 
85900
32 sealants  z7. Logs 
75 wail's  cm kit 
86000
12 outplay  f25 sox 
85 sandbags  pj" bags 
81 mingle  qm don 
86100
69 cabby  vat q 
86200
0 shrine  sos ae 
85 holding  kd  ing 
72 sequoia's  1muac fit 
14 upper  4 oks 
86300
85 goldfish  dd  fish 
80 philodendron  wtm"lgn" ron 
80 urinals  rnm box 
86400
69 gobbling  rot dmzk 
85 tending  wn" ing 
86500
0 sheikhdoms  sod dh7ueq 
69 gobble  rot da 
86600
7 walk's  mint z 
86700
13 poplar  7. sos 
86800
0 atrium's  ass zmti 
39 atrium's  aDo fof1 
25 Maiman  fop wi 
43 vertical's  eg36ru sos 
86900
78 unbounded  r esq gfo 
73 anemia's  ijqa fit 
75 coil's  wc kit 
74 Elvia's  Axz fit 
87000
76 gymnast  k0j fop 
87100
8 Eco's  Map z 
25 commenced  Hat sikl6 
74 Tania  Pub f 
87200
80 quantum  vie wvf 
87300
87400
32 dealings  m7. Dots 
44 capital's  a 2rb sos 
7 mall's  wins z 
87500
0 sheikhdom  sod dh7ue 
87600
69 battleship's  wab6dagd wit 
84 dehydrate  gfc5 rate 
80 Cygnus  Dec vp 
87700
69 seaboard's  few gefhnt 
69 barbecue  wad mgai 
76 Kit's  G sit 
87800
74 fakir's  bug uit 
11 metaphor  jl3  was 
87900
80 Stanton  The wle 
88000
73 pelvis's  xaxz tit 
25 Hammurabi  cot cuik; 
74 orbit's  kfn sit 
35 lancet   LopeD 
88100
88200
76 Mia's  A fit 
88300
88400
0 shriller  sos cl6h 
88500
88600
72 trefoil's  6zarc kit 
84 blindfold  aob" fold 
88700
47 meal's  vs sos 
88800
6 swiping   marvin 
84 deluding  gfg9 ing 
88900
86 ending  n" ing 
45 annual's   ,uc sos 
89000
54 inattention  ask 9dtanah 
73 disgruntle  lmgk;r spa 
89100
21 goitres  dye Ykj 
89200
82 knoll  o log 
89300
85 Landsat  Oj" sat 
85 Baldwin  Aj  win 
89400
1 Kurdistan  Lt;ki nil 
85 holdouts  kd  outs 
29 quadrangle  grim ."Jmv 
89500
73 gambit's  oeyn sit 
6 swill's   mans z 
80 standby  the gar 
89600
89700
89800
81 jangle  ve don 
0 shying  sox ag 
89900
85 wildfire  tb  fire 
31 Bartlett  Jh ; Hug 
90000
90100
75 chip's  wd wit 
85 sandlots  pj" lots 
90200
25 chimera  Hfp sui 
47 claw's  xz hos 
69 barberry's  wad mvfunt 
90300
25 commode  Hat ycm 
90400
84 meltdown  nfg8 own 
90500
85 fending  en" ing 
80 cygnet  dec fw 
90600
8 ilk's  ant z 
90700
88 drams   rams 
88 drama   rama 
85 handbook  kj" book 
30 migrating  jan .8Dot 
80 Kringle  Lnm don 
90800
74 refit's  vqj sit 
69 robbery  got mvm 
90900
25 Hammond  cot yil 
73 Goldie's  Okxh bit 
86 Indira  B" ira 
85 sanding  pj" ing 
91000
25 gammas  Lot wt 
88 drape   rape 
69 cabbies  vat aag 
91100
25 bowman  Ian wi 
84 unending  vmn" ing 
91200
75 whit's  cd sit 
81 Donald  Xk boo 
91300
2 jinn's  k anti 
91400
91500
0 audible  are ml6 
91600
85 handset  kj" set 
80 flange  ape df 
91700
91800
74 Rubin  Van i 
21 gentian  dsb Bow 
77 gentian  .b sue  
75 Luis's  Xy tit 
91900
92000
5 Asians  A sill 
74 tacitness  puo s bow 
92100
92200
22 fathom  pm Cat 
46 nasal's  ,ze sos 
92300
2 reassign  s,ns sol 
81 finely  zm for 
0 businessman's  brr ae iecq z 
92400
92500
4 dismal  ki win 
74 India's  Mzh fit 
92600
84 Abel's  Ban cs 
69 barbeque's  wad muaint 
92700
92800
75 caginess  wm.n bow 
92900
1 superstar  tt9jr nip 
74 anvil's  ezz kit 
93000
75 quip's  ey wit 
85 handmade  kj" made 
77 gentleness  .b spa fpx 
75 egis's  qk tit 
93100
74 aegis's  eqk tit 
93200
75 skip's  gg wit 
31 caroller  kh   Ada 
45 urinal's  40rx sos 
93300
84 buildups  avb  ups 
93400
69 grapefruit's  rrw2mbfy sit 
74 Janie  Nub b 
93500
0 shrike  sos de 
74 broil's  ffc kit 
12 cropper  j5. oks 
14 splay  2 sox 
93600
74 penis's  tqb tit 
73 misfit's  emgj sit 
43 pectoral's  cg"6td sos 
72 parfait's  2ivrm sit 
93700
0 acrid  ads k 
69 goobers  roy mvg 
75 bareness  vm;b bow 
93800
10 vulgarizes  ire  "vtdw 
85 eluding  fg9 ing 
93900
94000
7 Ritz's  Have z 
34 alder  . Ida 
85 melding  nn  ing 
85 Mildred  Nb  red 
94100
84 granddads  dqj" dads 
74 panic  tub d 
94200
69 gobbing  rot ajs 
25 commended  Hat sill6 
69 Bobbie  Wot aa 
94300
0 Sheila's  Sod cati 
85 dandruff  gj" ruff 
94400
85 windfall  tb" fall 
39 genius  gUs fq 
74 Sadie's  Wuh bit 
74 fruit's  bfy sit 
94500
74 genie's  cqb bit 
85 folding  ed  ing 
73 biggie's  jmsk bit 
94600
35 lance   Lope 
94700
