\BOOKMARK [1][-]{section.1}{Abstract}{}% 1
\BOOKMARK [1][-]{section.2}{Introduction}{}% 2
\BOOKMARK [2][-]{subsection.2.1}{Networked Vehicles}{section.2}% 3
\BOOKMARK [2][-]{subsection.2.2}{The Rise of New Threats}{section.2}% 4
\BOOKMARK [2][-]{subsection.2.3}{Successful Attacks}{section.2}% 5
\BOOKMARK [1][-]{section.3}{Review of CAN}{}% 6
\BOOKMARK [2][-]{subsection.3.1}{Specifications}{section.3}% 7
\BOOKMARK [2][-]{subsection.3.2}{Security Issues}{section.3}% 8
\BOOKMARK [1][-]{section.4}{Threat Model}{}% 9
\BOOKMARK [1][-]{section.5}{Additional System Requirements}{}% 10
\BOOKMARK [1][-]{section.6}{Previous Work}{}% 11
\BOOKMARK [1][-]{section.7}{Proposed Authentication Scheme}{}% 12
\BOOKMARK [2][-]{subsection.7.1}{Assumptions}{section.7}% 13
\BOOKMARK [2][-]{subsection.7.2}{Big Picture}{section.7}% 14
\BOOKMARK [2][-]{subsection.7.3}{Basis of Channels}{section.7}% 15
\BOOKMARK [3][-]{subsubsection.7.3.1}{Authentication by HMAC Channels}{subsection.7.3}% 16
\BOOKMARK [3][-]{subsubsection.7.3.2}{Scheme Frame Structure}{subsection.7.3}% 17
\BOOKMARK [3][-]{subsubsection.7.3.3}{Other Scheme Details and Addendums}{subsection.7.3}% 18
\BOOKMARK [1][-]{section.8}{Analysis}{}% 19
\BOOKMARK [2][-]{subsection.8.1}{Theoretical Analysis}{section.8}% 20
\BOOKMARK [3][-]{subsubsection.8.1.1}{Brute Force Attacks}{subsection.8.1}% 21
\BOOKMARK [3][-]{subsubsection.8.1.2}{Memory}{subsection.8.1}% 22
\BOOKMARK [3][-]{subsubsection.8.1.3}{DOS Attacks}{subsection.8.1}% 23
\BOOKMARK [2][-]{subsection.8.2}{Simulation}{section.8}% 24
\BOOKMARK [3][-]{subsubsection.8.2.1}{Implementation and Preliminary Results}{subsection.8.2}% 25
\BOOKMARK [3][-]{subsubsection.8.2.2}{Traffic Overhead}{subsection.8.2}% 26
\BOOKMARK [2][-]{subsection.8.3}{Concerns}{section.8}% 27
\BOOKMARK [1][-]{section.9}{Conclusion}{}% 28
